app/build/outputs/logs/manifest-merger-debug-report.txt
-- Merging decision tree log ---
manifest
ADDED from src/main/AndroidManifest.xml:2:1-59:12
	package
		ADDED from src/main/AndroidManifest.xml:3:5-35
		INJECTED from src/main/AndroidManifest.xml
		INJECTED from src/main/AndroidManifest.xml
	android:versionName
		ADDED from src/main/AndroidManifest.xml:5:5-30
		INJECTED from src/main/AndroidManifest.xml
		INJECTED from src/main/AndroidManifest.xml
	android:versionCode
		ADDED from src/main/AndroidManifest.xml:4:5-28
		INJECTED from src/main/AndroidManifest.xml
		INJECTED from src/main/AndroidManifest.xml
	xmlns:android
		ADDED from src/main/AndroidManifest.xml:2:11-69
uses-sdk
ADDED from src/main/AndroidManifest.xml:7:5-9:41
MERGED from [com.android.support:support-v4:21.0.3] AndroidManifest.xml:15:5-42
MERGED from [com.android.support:appcompat-v7:21.0.3] AndroidManifest.xml:15:5-42
MERGED from [com.android.support:support-v4:21.0.3] AndroidManifest.xml:15:5-42
	android:targetSdkVersion
		ADDED from src/main/AndroidManifest.xml:9:9-38
		INJECTED from src/main/AndroidManifest.xml
		INJECTED from src/main/AndroidManifest.xml
	android:minSdkVersion
		ADDED from src/main/AndroidManifest.xml:8:9-34
		INJECTED from src/main/AndroidManifest.xml
		INJECTED from src/main/AndroidManifest.xml
uses-permission#android.permission.INTERNET
ADDED from src/main/AndroidManifest.xml:10:5-66
	android:name
		ADDED from src/main/AndroidManifest.xml:10:22-64
application
ADDED from src/main/AndroidManifest.xml:12:5-57:19
MERGED from [com.android.support:support-v4:21.0.3] AndroidManifest.xml:16:5-19
MERGED from [com.android.support:appcompat-v7:21.0.3] AndroidManifest.xml:16:5-19
MERGED from [com.android.support:support-v4:21.0.3] AndroidManifest.xml:16:5-19
	android:label
		ADDED from src/main/AndroidManifest.xml:15:9-41
	android:allowBackup
		ADDED from src/main/AndroidManifest.xml:13:9-35
	android:icon
		ADDED from src/main/AndroidManifest.xml:14:9-45
	android:theme
		ADDED from src/main/AndroidManifest.xml:16:9-40
activity#com.dico.dicochinois.MenuPrin
ADDED from src/main/AndroidManifest.xml:17:9-24:20
	android:label
		ADDED from src/main/AndroidManifest.xml:19:13-45
	android:name
		ADDED from src/main/AndroidManifest.xml:18:13-37
intent-filter#android.intent.action.MAIN+android.intent.category.LAUNCHER
ADDED from src/main/AndroidManifest.xml:20:13-23:29
action#android.intent.action.MAIN
ADDED from src/main/AndroidManifest.xml:21:17-69
	android:name
		ADDED from src/main/AndroidManifest.xml:21:25-66
category#android.intent.category.LAUNCHER
ADDED from src/main/AndroidManifest.xml:22:17-77
	android:name
		ADDED from src/main/AndroidManifest.xml:22:27-74
activity#com.dico.dicochinois.Login
ADDED from src/main/AndroidManifest.xml:25:9-32:20
	android:label
		ADDED from src/main/AndroidManifest.xml:27:13-45
	android:name
		ADDED from src/main/AndroidManifest.xml:26:13-34
intent-filter#android.intent.action.VIEW+android.intent.category.DEFAULT
ADDED from src/main/AndroidManifest.xml:28:13-31:29
action#android.intent.action.VIEW
ADDED from src/main/AndroidManifest.xml:29:17-69
	android:name
		ADDED from src/main/AndroidManifest.xml:29:25-66
category#android.intent.category.DEFAULT
ADDED from src/main/AndroidManifest.xml:30:17-76
	android:name
		ADDED from src/main/AndroidManifest.xml:30:27-73
activity#com.dico.dicochinois.CreationMot
ADDED from src/main/AndroidManifest.xml:33:9-40:20
	android:label
		ADDED from src/main/AndroidManifest.xml:35:13-45
	android:name
		ADDED from src/main/AndroidManifest.xml:34:13-40
activity#com.dico.dicochinois.Interrogation
ADDED from src/main/AndroidManifest.xml:41:9-48:20
	android:label
		ADDED from src/main/AndroidManifest.xml:43:13-45
	android:name
		ADDED from src/main/AndroidManifest.xml:42:13-42
activity#com.dico.dicochinois.ListeCar
ADDED from src/main/AndroidManifest.xml:49:9-56:20
	android:label
		ADDED from src/main/AndroidManifest.xml:51:13-45
	android:name
		ADDED from src/main/AndroidManifest.xml:50:13-37